1632196821770	geckodriver	INFO	Listening on 127.0.0.1:65530
1632196822792	mozrunner::runner	INFO	Running command: "/Applications/Firefox.app/Contents/MacOS/firefox-bin" "--marionette" "-foreground" "-no-remote" "-profile" "/var/folders/rz/l9whxzys4dl36mnfhx95yg_w0000gn/T/rust_mozprofilepbSryR"
1632196823284	Marionette	INFO	Marionette enabled
UNSUPPORTED (log once): POSSIBLE ISSUE: unit 1 GLD_TEXTURE_INDEX_2D is unloadable and bound to sampler type (Float) - using zero texture because texture unloadable
console.warn: SearchSettings: "get: No settings file exists, new profile?" (new NotFoundError("Could not open the file at /var/folders/rz/l9whxzys4dl36mnfhx95yg_w0000gn/T/rust_mozprofilepbSryR/search.json.mozlz4", (void 0)))
console.error: BackgroundUpdate: 
  _reasonsToNotScheduleUpdates: Failed to check for Maintenance Service Registry Key: [Exception... "Component returned failure code: 0x80004001 (NS_ERROR_NOT_IMPLEMENTED) [nsIUpdateProcessor.getServiceRegKeyExists]"  nsresult: "0x80004001 (NS_ERROR_NOT_IMPLEMENTED)"  location: "JS frame :: resource://gre/modules/BackgroundUpdate.jsm :: _reasonsToNotScheduleUpdates :: line 243"  data: no]
1632196824077	Marionette	INFO	Listening on port 49157
1632196824169	RemoteAgent	WARN	TLS certificate errors will be ignored for this session
JavaScript warning: http://p.2ad.wtf/ad/base.js?id=d6dccd92e04bcc1de2793ef705b034ff6e0f&rid=qKQRGvm4bTVxrZFHWd5WFOI6bsM&reg=22&referer=http%3A%2F%2Fselenium1py.pythonanywhere.com%2Fde%2Fcatalogue%2Fcoders-at-work_207%2F, line 1: WEBGL_debug_renderer_info is deprecated in Firefox and will be removed. Please use RENDERER.
JavaScript error: http://selenium1py.pythonanywhere.com/de/catalogue/coders-at-work_207/, line 614: ReferenceError: oscar is not defined
1632196830928	Marionette	INFO	Stopped listening on port 49157
JavaScript error: resource:///modules/Interactions.jsm, line 230: NS_ERROR_FAILURE: Component returned failure code: 0x80004005 (NS_ERROR_FAILURE) [nsIUserIdleService.removeIdleObserver]

###!!! [Child][MessageChannel] Error: (msgtype=0x5A0008,name=PHttpChannel::Msg_DeletingChannel) Channel closing: too late to send/recv, messages will be lost


###!!! [Child][MessageChannel] Error: (msgtype=0x5A0008,name=PHttpChannel::Msg_DeletingChannel) Channel closing: too late to send/recv, messages will be lost


###!!! [Child][MessageChannel] Error: (msgtype=0x5A0008,name=PHttpChannel::Msg_DeletingChannel) Channel closing: too late to send/recv, messages will be lost


###!!! [Parent][RunMessage] Error: Channel closing: too late to send/recv, messages will be lost

1632196887136	geckodriver	INFO	Listening on 127.0.0.1:49382
1632196888159	mozrunner::runner	INFO	Running command: "/Applications/Firefox.app/Contents/MacOS/firefox-bin" "--marionette" "-foreground" "-no-remote" "-profile" "/var/folders/rz/l9whxzys4dl36mnfhx95yg_w0000gn/T/rust_mozprofile3oco6M"
1632196888527	Marionette	INFO	Marionette enabled
UNSUPPORTED (log once): POSSIBLE ISSUE: unit 1 GLD_TEXTURE_INDEX_2D is unloadable and bound to sampler type (Float) - using zero texture because texture unloadable
console.warn: SearchSettings: "get: No settings file exists, new profile?" (new NotFoundError("Could not open the file at /var/folders/rz/l9whxzys4dl36mnfhx95yg_w0000gn/T/rust_mozprofile3oco6M/search.json.mozlz4", (void 0)))
console.error: BackgroundUpdate: 
  _reasonsToNotScheduleUpdates: Failed to check for Maintenance Service Registry Key: [Exception... "Component returned failure code: 0x80004001 (NS_ERROR_NOT_IMPLEMENTED) [nsIUpdateProcessor.getServiceRegKeyExists]"  nsresult: "0x80004001 (NS_ERROR_NOT_IMPLEMENTED)"  location: "JS frame :: resource://gre/modules/BackgroundUpdate.jsm :: _reasonsToNotScheduleUpdates :: line 243"  data: no]
1632196889277	Marionette	INFO	Listening on port 49400
1632196889313	RemoteAgent	WARN	TLS certificate errors will be ignored for this session
JavaScript error: http://selenium1py.pythonanywhere.com/de/catalogue/coders-at-work_207/, line 614: ReferenceError: oscar is not defined
JavaScript warning: http://p.2ad.wtf/ad/base.js?id=d6dccd92e04bcc1de2793ef705b034ff6e0f&rid=M7UeVGL6afm-AuQ5kxBKvZSiqZk&reg=22&referer=http%3A%2F%2Fselenium1py.pythonanywhere.com%2Fde%2Fcatalogue%2Fcoders-at-work_207%2F, line 1: WEBGL_debug_renderer_info is deprecated in Firefox and will be removed. Please use RENDERER.
1632196892339	Marionette	INFO	Stopped listening on port 49400
JavaScript error: resource:///modules/Interactions.jsm, line 230: NS_ERROR_FAILURE: Component returned failure code: 0x80004005 (NS_ERROR_FAILURE) [nsIUserIdleService.removeIdleObserver]
